# JRE version: OpenJDK Runtime Environment (21.0.8) (build 21.0.8+-14196175-b1038.72)
# Java VM: OpenJDK 64-Bit Server VM (21.0.8+-14196175-b1038.72, mixed mode, tiered, compressed oops, compressed class ptrs, g1 gc, windows-amd64)
GC Precious Log:
 CardTable entry size: 512
 Card Set container configuration: InlinePtr #cards 4 size 8 Array Of Cards #cards 16 size 48 Howl #buckets 8 coarsen threshold 3686 Howl Bitmap #cards 512 size 80 coarsen threshold 460 Card regions per heap region 1 cards per card region 4096
 CPUs: 16 total, 16 available
 Memory: 14077M
 Large Page Support: Disabled
 NUMA Support: Disabled
 Compressed Oops: Enabled (Zero based)
 Heap Region Size: 2M
 Heap Min Capacity: 8M
 Heap Initial Capacity: 220M
 Heap Max Capacity: 4G
 Pre-touch: Disabled
 Parallel Workers: 13
 Concurrent Workers: 3
 Concurrent Refinement Workers: 13
 Periodic GC: Disabled
Heap:
 garbage-first heap   total 219136K, used 141131K [0x0000000700000000, 0x0000000800000000)
  region size 2048K, 6 young (12288K), 3 survivors (6144K)
 Metaspace       used 129912K, committed 132352K, reserved 983040K
  class space    used 18190K, committed 19328K, reserved 851968K
GC Heap History (20 events):
Event: 26.649 GC heap before
{Heap before GC invocations=41 (full 0):
 garbage-first heap   total 167936K, used 146837K [0x0000000700000000, 0x0000000800000000)
  region size 2048K, 27 young (55296K), 3 survivors (6144K)
 Metaspace       used 101311K, committed 103424K, reserved 983040K
  class space    used 14284K, committed 15296K, reserved 851968K
}
Event: 26.653 GC heap after
{Heap after GC invocations=42 (full 0):
 garbage-first heap   total 167936K, used 107052K [0x0000000700000000, 0x0000000800000000)
  region size 2048K, 4 young (8192K), 4 survivors (8192K)
 Metaspace       used 101311K, committed 103424K, reserved 983040K
  class space    used 14284K, committed 15296K, reserved 851968K
}
Event: 27.354 GC heap before
{Heap before GC invocations=43 (full 0):
 garbage-first heap   total 182272K, used 145964K [0x0000000700000000, 0x0000000800000000)
  region size 2048K, 24 young (49152K), 4 survivors (8192K)
 Metaspace       used 103778K, committed 105984K, reserved 983040K
  class space    used 14561K, committed 15616K, reserved 851968K
}
Event: 27.359 GC heap after
{Heap after GC invocations=44 (full 0):
 garbage-first heap   total 182272K, used 114329K [0x0000000700000000, 0x0000000800000000)
  region size 2048K, 3 young (6144K), 3 survivors (6144K)
 Metaspace       used 103778K, committed 105984K, reserved 983040K
  class space    used 14561K, committed 15616K, reserved 851968K
}
Event: 28.068 GC heap before
{Heap before GC invocations=44 (full 0):
 garbage-first heap   total 182272K, used 157337K [0x0000000700000000, 0x0000000800000000)
  region size 2048K, 24 young (49152K), 3 survivors (6144K)
 Metaspace       used 107718K, committed 109952K, reserved 983040K
  class space    used 15000K, committed 16064K, reserved 851968K
}
Event: 28.072 GC heap after
{Heap after GC invocations=45 (full 0):
 garbage-first heap   total 182272K, used 113699K [0x0000000700000000, 0x0000000800000000)
  region size 2048K, 1 young (2048K), 1 survivors (2048K)
 Metaspace       used 107718K, committed 109952K, reserved 983040K
  class space    used 15000K, committed 16064K, reserved 851968K
}
Event: 28.652 GC heap before
{Heap before GC invocations=45 (full 0):
 garbage-first heap   total 182272K, used 158755K [0x0000000700000000, 0x0000000800000000)
  region size 2048K, 24 young (49152K), 1 survivors (2048K)
 Metaspace       used 111162K, committed 113472K, reserved 983040K
  class space    used 15376K, committed 16448K, reserved 851968K
}
Event: 28.656 GC heap after
{Heap after GC invocations=46 (full 0):
 garbage-first heap   total 182272K, used 119381K [0x0000000700000000, 0x0000000800000000)
  region size 2048K, 3 young (6144K), 3 survivors (6144K)
 Metaspace       used 111162K, committed 113472K, reserved 983040K
  class space    used 15376K, committed 16448K, reserved 851968K
}
Event: 29.351 GC heap before
{Heap before GC invocations=47 (full 0):
 garbage-first heap   total 202752K, used 162389K [0x0000000700000000, 0x0000000800000000)
  region size 2048K, 24 young (49152K), 3 survivors (6144K)
 Metaspace       used 113954K, committed 116224K, reserved 983040K
  class space    used 15751K, committed 16832K, reserved 851968K
}
Event: 29.356 GC heap after
{Heap after GC invocations=48 (full 0):
 garbage-first heap   total 202752K, used 121815K [0x0000000700000000, 0x0000000800000000)
  region size 2048K, 2 young (4096K), 2 survivors (4096K)
 Metaspace       used 113954K, committed 116224K, reserved 983040K
  class space    used 15751K, committed 16832K, reserved 851968K
}
Event: 30.173 GC heap before
{Heap before GC invocations=48 (full 0):
 garbage-first heap   total 202752K, used 181207K [0x0000000700000000, 0x0000000800000000)
  region size 2048K, 29 young (59392K), 2 survivors (4096K)
 Metaspace       used 117735K, committed 120000K, reserved 983040K
  class space    used 16274K, committed 17344K, reserved 851968K
}
Event: 30.181 GC heap after
{Heap after GC invocations=49 (full 0):
 garbage-first heap   total 202752K, used 126257K [0x0000000700000000, 0x0000000800000000)
  region size 2048K, 2 young (4096K), 2 survivors (4096K)
 Metaspace       used 117735K, committed 120000K, reserved 983040K
  class space    used 16274K, committed 17344K, reserved 851968K
}
Event: 31.660 GC heap before
{Heap before GC invocations=49 (full 0):
 garbage-first heap   total 202752K, used 183601K [0x0000000700000000, 0x0000000800000000)
  region size 2048K, 30 young (61440K), 2 survivors (4096K)
 Metaspace       used 120590K, committed 122880K, reserved 983040K
  class space    used 16723K, committed 17792K, reserved 851968K
}
Event: 31.665 GC heap after
{Heap after GC invocations=50 (full 0):
 garbage-first heap   total 202752K, used 129613K [0x0000000700000000, 0x0000000800000000)
  region size 2048K, 4 young (8192K), 4 survivors (8192K)
 Metaspace       used 120590K, committed 122880K, reserved 983040K
  class space    used 16723K, committed 17792K, reserved 851968K
}
Event: 32.224 GC heap before
{Heap before GC invocations=51 (full 0):
 garbage-first heap   total 219136K, used 180813K [0x0000000700000000, 0x0000000800000000)
  region size 2048K, 29 young (59392K), 4 survivors (8192K)
 Metaspace       used 121339K, committed 123648K, reserved 983040K
  class space    used 16846K, committed 17920K, reserved 851968K
}
Event: 32.231 GC heap after
{Heap after GC invocations=52 (full 0):
 garbage-first heap   total 219136K, used 133300K [0x0000000700000000, 0x0000000800000000)
  region size 2048K, 4 young (8192K), 4 survivors (8192K)
 Metaspace       used 121339K, committed 123648K, reserved 983040K
  class space    used 16846K, committed 17920K, reserved 851968K
}
Event: 33.118 GC heap before
{Heap before GC invocations=52 (full 0):
 garbage-first heap   total 219136K, used 196788K [0x0000000700000000, 0x0000000800000000)
  region size 2048K, 35 young (71680K), 4 survivors (8192K)
 Metaspace       used 125313K, committed 127680K, reserved 983040K
  class space    used 17401K, committed 18496K, reserved 851968K
}
Event: 33.126 GC heap after
{Heap after GC invocations=53 (full 0):
 garbage-first heap   total 219136K, used 134104K [0x0000000700000000, 0x0000000800000000)
  region size 2048K, 3 young (6144K), 3 survivors (6144K)
 Metaspace       used 125313K, committed 127680K, reserved 983040K
  class space    used 17401K, committed 18496K, reserved 851968K
}
Event: 34.307 GC heap before
{Heap before GC invocations=53 (full 0):
 garbage-first heap   total 219136K, used 199640K [0x0000000700000000, 0x0000000800000000)
  region size 2048K, 36 young (73728K), 3 survivors (6144K)
 Metaspace       used 129556K, committed 131904K, reserved 983040K
  class space    used 18155K, committed 19264K, reserved 851968K
}
Event: 34.313 GC heap after
{Heap after GC invocations=54 (full 0):
 garbage-first heap   total 219136K, used 137035K [0x0000000700000000, 0x0000000800000000)
  region size 2048K, 3 young (6144K), 3 survivors (6144K)
 Metaspace       used 129556K, committed 131904K, reserved 983040K
  class space    used 18155K, committed 19264K, reserved 851968K
}

